Arguments: 
  /Users/joeldeleon/.nvm/versions/node/v11.15.0/bin/node /Users/joeldeleon/.yarn/bin/yarn.js init

PATH: 
  /Users/joeldeleon/Desktop/google-cloud-sdk/bin:/Users/joeldeleon/.yarn/bin:/Users/joeldeleon/.config/yarn/global/node_modules/.bin:/Users/joeldeleon/.composer/vendor/bin:/Users/joeldeleon/.nvm/versions/node/v11.15.0/bin:/usr/local/bin:/usr/bin:/bin:/usr/sbin:/sbin:/usr/local/go/bin:/usr/local/share/dotnet:~/.dotnet/tools:/Library/Frameworks/Mono.framework/Versions/Current/Commands:/Users/joeldeleon/Library/Android/sdk/tools:/Users/joeldeleon/Library/Android/sdk/tools/bin:/Users/joeldeleon/Library/Android/sdk/platform-tools:/Users/joeldeleon/Library/Android/sdk/emulator

Yarn version: 
  1.16.0

Node version: 
  11.15.0

Platform: 
  darwin x64

Trace: 
  Error: canceled
      at Interface.<anonymous> (/Users/joeldeleon/.yarn/lib/cli.js:125850:13)
      at Interface.emit (events.js:193:13)
      at Interface._ttyWrite (readline.js:826:16)
      at ReadStream.onkeypress (readline.js:183:10)
      at ReadStream.emit (events.js:193:13)
      at emitKeys (internal/readline.js:424:14)
      at emitKeys.next (<anonymous>)
      at ReadStream.onData (readline.js:1097:36)
      at ReadStream.emit (events.js:193:13)
      at addChunk (_stream_readable.js:295:12)

npm manifest: 
  No manifest

yarn manifest: 
  No manifest

Lockfile: 
  No lockfile
